<?xml version="1.0" encoding="UTF-8"?>
<testsuite name="Gestión de Permisos en OrangeHRM" tests="1" skipped="0" failures="1" errors="0" timestamp="2025-07-04T05:06:19.114Z" hostname="DESKTOP-TP7FNFL" time="2.515">
  <properties/>
  <testcase name="Ver la lista de permisos" classname="Gestión de Permisos en OrangeHRM" time="2.515">
    <failure message="io.cucumber.junit.UndefinedStepException: The step 'que estoy en la página de login de OrangeHRM' and 8 other step(s) are undefined.&#10;You can implement these steps using the snippet(s) below:&#10;&#10;@Given(&quot;que estoy en la página de login de OrangeHRM&quot;)&#10;public void queEstoyEnLaPáginaDeLoginDeOrangeHRM() {&#10;    // Write code here that turns the phrase above into concrete actions&#10;    throw new io.cucumber.java.PendingException();&#10;}&#10;@When(&quot;ingreso el usuario {string} y la contraseña {string}&quot;)&#10;public void ingresoElUsuarioYLaContraseña(String string, String string2) {&#10;    // Write code here that turns the phrase above into concrete actions&#10;    throw new io.cucumber.java.PendingException();&#10;}&#10;@When(&quot;hago clic en el botón {string}&quot;)&#10;public void hagoClicEnElBotón(String string) {&#10;    // Write code here that turns the phrase above into concrete actions&#10;    throw new io.cucumber.java.PendingException();&#10;}&#10;@Then(&quot;debo estar autenticado y redirigido a la página principal&quot;)&#10;public void deboEstarAutenticadoYRedirigidoALaPáginaPrincipal() {&#10;    // Write code here that turns the phrase above into concrete actions&#10;    throw new io.cucumber.java.PendingException();&#10;}&#10;@Given(&quot;que estoy en la página de {string}&quot;)&#10;public void queEstoyEnLaPáginaDe(String string) {&#10;    // Write code here that turns the phrase above into concrete actions&#10;    throw new io.cucumber.java.PendingException();&#10;}&#10;@When(&quot;la página se carga completamente&quot;)&#10;public void laPáginaSeCargaCompletamente() {&#10;    // Write code here that turns the phrase above into concrete actions&#10;    throw new io.cucumber.java.PendingException();&#10;}&#10;@Then(&quot;debo ver los filtros {string}, {string}, {string}, {string}, {string}, {string}, e {string}&quot;)&#10;public void deboVerLosFiltrosE(String string, String string2, String string3, String string4, String string5, String string6, String string7) {&#10;    // Write code here that turns the phrase above into concrete actions&#10;    throw new io.cucumber.java.PendingException();&#10;}&#10;@Then(&quot;debo ver las columnas de la tabla {string}, {string}, {string}, {string}, {string}, {string}, {string}, y {string}&quot;)&#10;public void deboVerLasColumnasDeLaTablaY(String string, String string2, String string3, String string4, String string5, String string6, String string7, String string8) {&#10;    // Write code here that turns the phrase above into concrete actions&#10;    throw new io.cucumber.java.PendingException();&#10;}&#10;@Then(&quot;si no hay registros, debo ver el mensaje {string}&quot;)&#10;public void siNoHayRegistrosDeboVerElMensaje(String string) {&#10;    // Write code here that turns the phrase above into concrete actions&#10;    throw new io.cucumber.java.PendingException();&#10;}&#10;" type="io.cucumber.junit.UndefinedStepException">io.cucumber.junit.UndefinedStepException: The step 'que estoy en la página de login de OrangeHRM' and 8 other step(s) are undefined.
You can implement these steps using the snippet(s) below:

@Given(&quot;que estoy en la página de login de OrangeHRM&quot;)
public void queEstoyEnLaPáginaDeLoginDeOrangeHRM() {
    // Write code here that turns the phrase above into concrete actions
    throw new io.cucumber.java.PendingException();
}
@When(&quot;ingreso el usuario {string} y la contraseña {string}&quot;)
public void ingresoElUsuarioYLaContraseña(String string, String string2) {
    // Write code here that turns the phrase above into concrete actions
    throw new io.cucumber.java.PendingException();
}
@When(&quot;hago clic en el botón {string}&quot;)
public void hagoClicEnElBotón(String string) {
    // Write code here that turns the phrase above into concrete actions
    throw new io.cucumber.java.PendingException();
}
@Then(&quot;debo estar autenticado y redirigido a la página principal&quot;)
public void deboEstarAutenticadoYRedirigidoALaPáginaPrincipal() {
    // Write code here that turns the phrase above into concrete actions
    throw new io.cucumber.java.PendingException();
}
@Given(&quot;que estoy en la página de {string}&quot;)
public void queEstoyEnLaPáginaDe(String string) {
    // Write code here that turns the phrase above into concrete actions
    throw new io.cucumber.java.PendingException();
}
@When(&quot;la página se carga completamente&quot;)
public void laPáginaSeCargaCompletamente() {
    // Write code here that turns the phrase above into concrete actions
    throw new io.cucumber.java.PendingException();
}
@Then(&quot;debo ver los filtros {string}, {string}, {string}, {string}, {string}, {string}, e {string}&quot;)
public void deboVerLosFiltrosE(String string, String string2, String string3, String string4, String string5, String string6, String string7) {
    // Write code here that turns the phrase above into concrete actions
    throw new io.cucumber.java.PendingException();
}
@Then(&quot;debo ver las columnas de la tabla {string}, {string}, {string}, {string}, {string}, {string}, {string}, y {string}&quot;)
public void deboVerLasColumnasDeLaTablaY(String string, String string2, String string3, String string4, String string5, String string6, String string7, String string8) {
    // Write code here that turns the phrase above into concrete actions
    throw new io.cucumber.java.PendingException();
}
@Then(&quot;si no hay registros, debo ver el mensaje {string}&quot;)
public void siNoHayRegistrosDeboVerElMensaje(String string) {
    // Write code here that turns the phrase above into concrete actions
    throw new io.cucumber.java.PendingException();
}

</failure>
  </testcase>
  <system-out><![CDATA[]]></system-out>
  <system-err><![CDATA[[Test worker] INFO  - 
  _____   ___   ___   _____     ___   _____     _     ___   _____   ___   ___  
 |_   _| | __| / __| |_   _|   / __| |_   _|   /_\   | _ \ |_   _| | __| |   \ 
   | |   | _|  \__ \   | |     \__ \   | |    / _ \  |   /   | |   | _|  | |) |
   |_|   |___| |___/   |_|     |___/   |_|   /_/ \_\ |_|_\   |_|   |___| |___/ 

Ver la lista de permisos(gestión-de-permisos-en-orangehrm;ver-la-lista-de-permisos)
--------------------------------------------------------------------------------
[Test worker] INFO  - ?[96m
  _____   ___   ___   _____     ___   ___   _  _   ___    ___   _  _    ___ 
 |_   _| | __| / __| |_   _|   | _ \ | __| | \| | |   \  |_ _| | \| |  / __|
   | |   | _|  \__ \   | |     |  _/ | _|  | .` | | |) |  | |  | .` | | (_ |
   |_|   |___| |___/   |_|     |_|   |___| |_|\_| |___/  |___| |_|\_|  \___|

Ver la lista de permisos
-----------------------------------------------------------------------------?[0m
]]></system-err>
</testsuite>
